{"C:\\Users\\Anderson Reis\\Desktop\\ApiFInancas\\src\\controllers\\accountController.js": {"path":"C:\\Users\\Anderson Reis\\Desktop\\ApiFInancas\\src\\controllers\\accountController.js","statementMap":{"0":{"start":{"line":1,"column":16},"end":{"line":1,"column":44}},"1":{"start":{"line":2,"column":13},"end":{"line":2,"column":38}},"2":{"start":{"line":4,"column":22},"end":{"line":19,"column":1}},"3":{"start":{"line":5,"column":4},"end":{"line":18,"column":5}},"4":{"start":{"line":6,"column":38},"end":{"line":6,"column":46}},"5":{"start":{"line":8,"column":27},"end":{"line":8,"column":55}},"6":{"start":{"line":9,"column":8},"end":{"line":11,"column":9}},"7":{"start":{"line":10,"column":12},"end":{"line":10,"column":69}},"8":{"start":{"line":13,"column":24},"end":{"line":13,"column":65}},"9":{"start":{"line":14,"column":8},"end":{"line":14,"column":45}},"10":{"start":{"line":16,"column":8},"end":{"line":16,"column":29}},"11":{"start":{"line":17,"column":8},"end":{"line":17,"column":75}},"12":{"start":{"line":21,"column":23},"end":{"line":37,"column":1}},"13":{"start":{"line":22,"column":4},"end":{"line":36,"column":5}},"14":{"start":{"line":23,"column":23},"end":{"line":23,"column":33}},"15":{"start":{"line":24,"column":24},"end":{"line":26,"column":10}},"16":{"start":{"line":28,"column":8},"end":{"line":30,"column":9}},"17":{"start":{"line":29,"column":12},"end":{"line":29,"column":72}},"18":{"start":{"line":32,"column":8},"end":{"line":32,"column":45}},"19":{"start":{"line":34,"column":8},"end":{"line":34,"column":29}},"20":{"start":{"line":35,"column":8},"end":{"line":35,"column":72}},"21":{"start":{"line":39,"column":16},"end":{"line":55,"column":1}},"22":{"start":{"line":40,"column":4},"end":{"line":54,"column":5}},"23":{"start":{"line":41,"column":23},"end":{"line":41,"column":33}},"24":{"start":{"line":42,"column":24},"end":{"line":44,"column":10}},"25":{"start":{"line":46,"column":8},"end":{"line":48,"column":9}},"26":{"start":{"line":47,"column":12},"end":{"line":47,"column":72}},"27":{"start":{"line":50,"column":8},"end":{"line":50,"column":66}},"28":{"start":{"line":52,"column":8},"end":{"line":52,"column":29}},"29":{"start":{"line":53,"column":8},"end":{"line":53,"column":72}},"30":{"start":{"line":57,"column":0},"end":{"line":61,"column":2}}},"fnMap":{"0":{"name":"(anonymous_0)","decl":{"start":{"line":4,"column":22},"end":{"line":4,"column":23}},"loc":{"start":{"line":4,"column":42},"end":{"line":19,"column":1}},"line":4},"1":{"name":"(anonymous_1)","decl":{"start":{"line":21,"column":23},"end":{"line":21,"column":24}},"loc":{"start":{"line":21,"column":43},"end":{"line":37,"column":1}},"line":21},"2":{"name":"(anonymous_2)","decl":{"start":{"line":39,"column":16},"end":{"line":39,"column":17}},"loc":{"start":{"line":39,"column":36},"end":{"line":55,"column":1}},"line":39}},"branchMap":{"0":{"loc":{"start":{"line":9,"column":8},"end":{"line":11,"column":9}},"type":"if","locations":[{"start":{"line":9,"column":8},"end":{"line":11,"column":9}},{"start":{},"end":{}}],"line":9},"1":{"loc":{"start":{"line":28,"column":8},"end":{"line":30,"column":9}},"type":"if","locations":[{"start":{"line":28,"column":8},"end":{"line":30,"column":9}},{"start":{},"end":{}}],"line":28},"2":{"loc":{"start":{"line":46,"column":8},"end":{"line":48,"column":9}},"type":"if","locations":[{"start":{"line":46,"column":8},"end":{"line":48,"column":9}},{"start":{},"end":{}}],"line":46}},"s":{"0":1,"1":1,"2":1,"3":3,"4":3,"5":3,"6":3,"7":1,"8":2,"9":1,"10":1,"11":1,"12":1,"13":3,"14":3,"15":3,"16":2,"17":1,"18":1,"19":1,"20":1,"21":1,"22":3,"23":3,"24":3,"25":2,"26":1,"27":1,"28":1,"29":1,"30":1},"f":{"0":3,"1":3,"2":3},"b":{"0":[1,2],"1":[1,1],"2":[1,1]},"_coverageSchema":"1a1c01bbd47fc00a2c39e90264f33305004495a9","hash":"6309f0b16ded2e6406e66754a2619606b7cde601"}
,"C:\\Users\\Anderson Reis\\Desktop\\ApiFInancas\\src\\controllers\\authController.js": {"path":"C:\\Users\\Anderson Reis\\Desktop\\ApiFInancas\\src\\controllers\\authController.js","statementMap":{"0":{"start":{"line":1,"column":13},"end":{"line":1,"column":38}},"1":{"start":{"line":2,"column":15},"end":{"line":2,"column":32}},"2":{"start":{"line":3,"column":12},"end":{"line":3,"column":35}},"3":{"start":{"line":5,"column":18},"end":{"line":5,"column":61}},"4":{"start":{"line":6,"column":20},"end":{"line":6,"column":52}},"5":{"start":{"line":8,"column":14},"end":{"line":34,"column":1}},"6":{"start":{"line":9,"column":4},"end":{"line":33,"column":5}},"7":{"start":{"line":10,"column":36},"end":{"line":10,"column":44}},"8":{"start":{"line":12,"column":8},"end":{"line":14,"column":9}},"9":{"start":{"line":13,"column":12},"end":{"line":13,"column":86}},"10":{"start":{"line":16,"column":21},"end":{"line":16,"column":61}},"11":{"start":{"line":18,"column":8},"end":{"line":20,"column":9}},"12":{"start":{"line":19,"column":12},"end":{"line":19,"column":74}},"13":{"start":{"line":22,"column":30},"end":{"line":22,"column":75}},"14":{"start":{"line":24,"column":8},"end":{"line":26,"column":9}},"15":{"start":{"line":25,"column":12},"end":{"line":25,"column":74}},"16":{"start":{"line":28,"column":22},"end":{"line":28,"column":90}},"17":{"start":{"line":29,"column":8},"end":{"line":29,"column":28}},"18":{"start":{"line":31,"column":8},"end":{"line":31,"column":45}},"19":{"start":{"line":32,"column":8},"end":{"line":32,"column":65}},"20":{"start":{"line":36,"column":0},"end":{"line":38,"column":2}}},"fnMap":{"0":{"name":"(anonymous_0)","decl":{"start":{"line":8,"column":14},"end":{"line":8,"column":15}},"loc":{"start":{"line":8,"column":34},"end":{"line":34,"column":1}},"line":8}},"branchMap":{"0":{"loc":{"start":{"line":5,"column":18},"end":{"line":5,"column":61}},"type":"binary-expr","locations":[{"start":{"line":5,"column":18},"end":{"line":5,"column":40}},{"start":{"line":5,"column":44},"end":{"line":5,"column":61}}],"line":5},"1":{"loc":{"start":{"line":6,"column":20},"end":{"line":6,"column":52}},"type":"binary-expr","locations":[{"start":{"line":6,"column":20},"end":{"line":6,"column":44}},{"start":{"line":6,"column":48},"end":{"line":6,"column":52}}],"line":6},"2":{"loc":{"start":{"line":12,"column":8},"end":{"line":14,"column":9}},"type":"if","locations":[{"start":{"line":12,"column":8},"end":{"line":14,"column":9}},{"start":{},"end":{}}],"line":12},"3":{"loc":{"start":{"line":12,"column":12},"end":{"line":12,"column":31}},"type":"binary-expr","locations":[{"start":{"line":12,"column":12},"end":{"line":12,"column":18}},{"start":{"line":12,"column":22},"end":{"line":12,"column":31}}],"line":12},"4":{"loc":{"start":{"line":18,"column":8},"end":{"line":20,"column":9}},"type":"if","locations":[{"start":{"line":18,"column":8},"end":{"line":20,"column":9}},{"start":{},"end":{}}],"line":18},"5":{"loc":{"start":{"line":24,"column":8},"end":{"line":26,"column":9}},"type":"if","locations":[{"start":{"line":24,"column":8},"end":{"line":26,"column":9}},{"start":{},"end":{}}],"line":24}},"s":{"0":1,"1":1,"2":1,"3":1,"4":1,"5":1,"6":4,"7":4,"8":4,"9":1,"10":3,"11":3,"12":1,"13":2,"14":2,"15":1,"16":1,"17":1,"18":0,"19":0,"20":1},"f":{"0":4},"b":{"0":[1,0],"1":[1,0],"2":[1,3],"3":[4,4],"4":[1,2],"5":[1,1]},"_coverageSchema":"1a1c01bbd47fc00a2c39e90264f33305004495a9","hash":"1aa29eabbb394fdf9244b87007713fca3fe40012"}
,"C:\\Users\\Anderson Reis\\Desktop\\ApiFInancas\\src\\controllers\\categoryController.js": {"path":"C:\\Users\\Anderson Reis\\Desktop\\ApiFInancas\\src\\controllers\\categoryController.js","statementMap":{"0":{"start":{"line":1,"column":17},"end":{"line":1,"column":46}},"1":{"start":{"line":2,"column":20},"end":{"line":2,"column":52}},"2":{"start":{"line":3,"column":35},"end":{"line":3,"column":55}},"3":{"start":{"line":5,"column":23},"end":{"line":15,"column":1}},"4":{"start":{"line":6,"column":4},"end":{"line":14,"column":5}},"5":{"start":{"line":7,"column":25},"end":{"line":7,"column":33}},"6":{"start":{"line":9,"column":25},"end":{"line":9,"column":56}},"7":{"start":{"line":10,"column":8},"end":{"line":10,"column":46}},"8":{"start":{"line":12,"column":8},"end":{"line":12,"column":29}},"9":{"start":{"line":13,"column":8},"end":{"line":13,"column":76}},"10":{"start":{"line":17,"column":25},"end":{"line":25,"column":1}},"11":{"start":{"line":18,"column":4},"end":{"line":24,"column":5}},"12":{"start":{"line":19,"column":27},"end":{"line":19,"column":51}},"13":{"start":{"line":20,"column":8},"end":{"line":20,"column":48}},"14":{"start":{"line":22,"column":8},"end":{"line":22,"column":29}},"15":{"start":{"line":23,"column":8},"end":{"line":23,"column":75}},"16":{"start":{"line":27,"column":26},"end":{"line":41,"column":1}},"17":{"start":{"line":28,"column":4},"end":{"line":40,"column":5}},"18":{"start":{"line":29,"column":25},"end":{"line":29,"column":33}},"19":{"start":{"line":30,"column":25},"end":{"line":30,"column":68}},"20":{"start":{"line":32,"column":8},"end":{"line":34,"column":9}},"21":{"start":{"line":33,"column":12},"end":{"line":33,"column":73}},"22":{"start":{"line":36,"column":8},"end":{"line":36,"column":46}},"23":{"start":{"line":38,"column":8},"end":{"line":38,"column":29}},"24":{"start":{"line":39,"column":8},"end":{"line":39,"column":73}},"25":{"start":{"line":45,"column":35},"end":{"line":133,"column":1}},"26":{"start":{"line":46,"column":4},"end":{"line":132,"column":5}},"27":{"start":{"line":47,"column":54},"end":{"line":47,"column":62}},"28":{"start":{"line":50,"column":28},"end":{"line":50,"column":30}},"29":{"start":{"line":53,"column":8},"end":{"line":61,"column":9}},"30":{"start":{"line":54,"column":12},"end":{"line":56,"column":13}},"31":{"start":{"line":55,"column":16},"end":{"line":55,"column":106}},"32":{"start":{"line":57,"column":12},"end":{"line":57,"column":36}},"33":{"start":{"line":60,"column":12},"end":{"line":60,"column":44}},"34":{"start":{"line":64,"column":8},"end":{"line":66,"column":9}},"35":{"start":{"line":65,"column":12},"end":{"line":65,"column":42}},"36":{"start":{"line":69,"column":8},"end":{"line":85,"column":9}},"37":{"start":{"line":70,"column":26},"end":{"line":70,"column":45}},"38":{"start":{"line":71,"column":24},"end":{"line":71,"column":41}},"39":{"start":{"line":72,"column":12},"end":{"line":72,"column":42}},"40":{"start":{"line":74,"column":12},"end":{"line":76,"column":13}},"41":{"start":{"line":75,"column":16},"end":{"line":75,"column":94}},"42":{"start":{"line":78,"column":12},"end":{"line":80,"column":13}},"43":{"start":{"line":79,"column":16},"end":{"line":79,"column":91}},"44":{"start":{"line":82,"column":12},"end":{"line":84,"column":14}},"45":{"start":{"line":88,"column":33},"end":{"line":106,"column":10}},"46":{"start":{"line":109,"column":30},"end":{"line":114,"column":11}},"47":{"start":{"line":109,"column":60},"end":{"line":114,"column":9}},"48":{"start":{"line":116,"column":8},"end":{"line":127,"column":11}},"49":{"start":{"line":130,"column":8},"end":{"line":130,"column":29}},"50":{"start":{"line":131,"column":8},"end":{"line":131,"column":90}},"51":{"start":{"line":137,"column":0},"end":{"line":142,"column":2}}},"fnMap":{"0":{"name":"(anonymous_0)","decl":{"start":{"line":5,"column":23},"end":{"line":5,"column":24}},"loc":{"start":{"line":5,"column":43},"end":{"line":15,"column":1}},"line":5},"1":{"name":"(anonymous_1)","decl":{"start":{"line":17,"column":25},"end":{"line":17,"column":26}},"loc":{"start":{"line":17,"column":45},"end":{"line":25,"column":1}},"line":17},"2":{"name":"(anonymous_2)","decl":{"start":{"line":27,"column":26},"end":{"line":27,"column":27}},"loc":{"start":{"line":27,"column":46},"end":{"line":41,"column":1}},"line":27},"3":{"name":"(anonymous_3)","decl":{"start":{"line":45,"column":35},"end":{"line":45,"column":36}},"loc":{"start":{"line":45,"column":55},"end":{"line":133,"column":1}},"line":45},"4":{"name":"(anonymous_4)","decl":{"start":{"line":109,"column":51},"end":{"line":109,"column":52}},"loc":{"start":{"line":109,"column":60},"end":{"line":114,"column":9}},"line":109}},"branchMap":{"0":{"loc":{"start":{"line":32,"column":8},"end":{"line":34,"column":9}},"type":"if","locations":[{"start":{"line":32,"column":8},"end":{"line":34,"column":9}},{"start":{},"end":{}}],"line":32},"1":{"loc":{"start":{"line":53,"column":8},"end":{"line":61,"column":9}},"type":"if","locations":[{"start":{"line":53,"column":8},"end":{"line":61,"column":9}},{"start":{"line":58,"column":15},"end":{"line":61,"column":9}}],"line":53},"2":{"loc":{"start":{"line":54,"column":12},"end":{"line":56,"column":13}},"type":"if","locations":[{"start":{"line":54,"column":12},"end":{"line":56,"column":13}},{"start":{},"end":{}}],"line":54},"3":{"loc":{"start":{"line":64,"column":8},"end":{"line":66,"column":9}},"type":"if","locations":[{"start":{"line":64,"column":8},"end":{"line":66,"column":9}},{"start":{},"end":{}}],"line":64},"4":{"loc":{"start":{"line":69,"column":8},"end":{"line":85,"column":9}},"type":"if","locations":[{"start":{"line":69,"column":8},"end":{"line":85,"column":9}},{"start":{},"end":{}}],"line":69},"5":{"loc":{"start":{"line":69,"column":12},"end":{"line":69,"column":32}},"type":"binary-expr","locations":[{"start":{"line":69,"column":12},"end":{"line":69,"column":21}},{"start":{"line":69,"column":25},"end":{"line":69,"column":32}}],"line":69},"6":{"loc":{"start":{"line":74,"column":12},"end":{"line":76,"column":13}},"type":"if","locations":[{"start":{"line":74,"column":12},"end":{"line":76,"column":13}},{"start":{},"end":{}}],"line":74},"7":{"loc":{"start":{"line":74,"column":16},"end":{"line":74,"column":62}},"type":"binary-expr","locations":[{"start":{"line":74,"column":16},"end":{"line":74,"column":38}},{"start":{"line":74,"column":42},"end":{"line":74,"column":62}}],"line":74},"8":{"loc":{"start":{"line":78,"column":12},"end":{"line":80,"column":13}},"type":"if","locations":[{"start":{"line":78,"column":12},"end":{"line":80,"column":13}},{"start":{},"end":{}}],"line":78},"9":{"loc":{"start":{"line":118,"column":22},"end":{"line":118,"column":42}},"type":"binary-expr","locations":[{"start":{"line":118,"column":22},"end":{"line":118,"column":26}},{"start":{"line":118,"column":30},"end":{"line":118,"column":42}}],"line":118},"10":{"loc":{"start":{"line":119,"column":25},"end":{"line":119,"column":41}},"type":"binary-expr","locations":[{"start":{"line":119,"column":25},"end":{"line":119,"column":32}},{"start":{"line":119,"column":36},"end":{"line":119,"column":41}}],"line":119},"11":{"loc":{"start":{"line":120,"column":24},"end":{"line":123,"column":25}},"type":"cond-expr","locations":[{"start":{"line":120,"column":47},"end":{"line":123,"column":17}},{"start":{"line":123,"column":20},"end":{"line":123,"column":25}}],"line":120},"12":{"loc":{"start":{"line":120,"column":24},"end":{"line":120,"column":44}},"type":"binary-expr","locations":[{"start":{"line":120,"column":24},"end":{"line":120,"column":33}},{"start":{"line":120,"column":37},"end":{"line":120,"column":44}}],"line":120}},"s":{"0":1,"1":1,"2":1,"3":1,"4":2,"5":2,"6":2,"7":1,"8":1,"9":1,"10":1,"11":3,"12":3,"13":2,"14":1,"15":1,"16":1,"17":3,"18":3,"19":3,"20":2,"21":1,"22":1,"23":1,"24":1,"25":1,"26":6,"27":6,"28":6,"29":6,"30":2,"31":1,"32":1,"33":4,"34":5,"35":3,"36":5,"37":3,"38":3,"39":3,"40":3,"41":1,"42":2,"43":1,"44":1,"45":3,"46":2,"47":2,"48":2,"49":1,"50":1,"51":1},"f":{"0":2,"1":3,"2":3,"3":6,"4":2},"b":{"0":[1,1],"1":[2,4],"2":[1,1],"3":[3,2],"4":[3,2],"5":[5,3],"6":[1,2],"7":[3,2],"8":[1,1],"9":[2,1],"10":[2,0],"11":[1,1],"12":[2,1]},"_coverageSchema":"1a1c01bbd47fc00a2c39e90264f33305004495a9","hash":"af47cbefe658f4886035d09b3e6591acbd3772ea"}
,"C:\\Users\\Anderson Reis\\Desktop\\ApiFInancas\\src\\controllers\\transactionController.js": {"path":"C:\\Users\\Anderson Reis\\Desktop\\ApiFInancas\\src\\controllers\\transactionController.js","statementMap":{"0":{"start":{"line":1,"column":20},"end":{"line":1,"column":52}},"1":{"start":{"line":2,"column":16},"end":{"line":2,"column":44}},"2":{"start":{"line":3,"column":13},"end":{"line":3,"column":38}},"3":{"start":{"line":4,"column":17},"end":{"line":4,"column":46}},"4":{"start":{"line":5,"column":15},"end":{"line":5,"column":35}},"5":{"start":{"line":7,"column":23},"end":{"line":41,"column":1}},"6":{"start":{"line":8,"column":4},"end":{"line":40,"column":5}},"7":{"start":{"line":9,"column":86},"end":{"line":9,"column":94}},"8":{"start":{"line":12,"column":24},"end":{"line":12,"column":58}},"9":{"start":{"line":13,"column":8},"end":{"line":15,"column":9}},"10":{"start":{"line":14,"column":12},"end":{"line":14,"column":72}},"11":{"start":{"line":18,"column":8},"end":{"line":22,"column":9}},"12":{"start":{"line":19,"column":12},"end":{"line":19,"column":38}},"13":{"start":{"line":20,"column":15},"end":{"line":22,"column":9}},"14":{"start":{"line":21,"column":12},"end":{"line":21,"column":38}},"15":{"start":{"line":23,"column":8},"end":{"line":23,"column":29}},"16":{"start":{"line":26,"column":28},"end":{"line":34,"column":10}},"17":{"start":{"line":36,"column":8},"end":{"line":36,"column":49}},"18":{"start":{"line":38,"column":8},"end":{"line":38,"column":29}},"19":{"start":{"line":39,"column":8},"end":{"line":39,"column":79}},"20":{"start":{"line":43,"column":27},"end":{"line":58,"column":1}},"21":{"start":{"line":44,"column":4},"end":{"line":57,"column":5}},"22":{"start":{"line":45,"column":29},"end":{"line":51,"column":10}},"23":{"start":{"line":53,"column":8},"end":{"line":53,"column":50}},"24":{"start":{"line":55,"column":8},"end":{"line":55,"column":29}},"25":{"start":{"line":56,"column":8},"end":{"line":56,"column":77}},"26":{"start":{"line":60,"column":27},"end":{"line":80,"column":1}},"27":{"start":{"line":61,"column":4},"end":{"line":79,"column":5}},"28":{"start":{"line":62,"column":23},"end":{"line":62,"column":33}},"29":{"start":{"line":63,"column":28},"end":{"line":69,"column":10}},"30":{"start":{"line":71,"column":8},"end":{"line":73,"column":9}},"31":{"start":{"line":72,"column":12},"end":{"line":72,"column":76}},"32":{"start":{"line":75,"column":8},"end":{"line":75,"column":49}},"33":{"start":{"line":77,"column":8},"end":{"line":77,"column":29}},"34":{"start":{"line":78,"column":8},"end":{"line":78,"column":76}},"35":{"start":{"line":82,"column":26},"end":{"line":126,"column":1}},"36":{"start":{"line":83,"column":4},"end":{"line":125,"column":5}},"37":{"start":{"line":84,"column":23},"end":{"line":84,"column":33}},"38":{"start":{"line":85,"column":86},"end":{"line":85,"column":94}},"39":{"start":{"line":87,"column":28},"end":{"line":87,"column":58}},"40":{"start":{"line":88,"column":8},"end":{"line":90,"column":9}},"41":{"start":{"line":89,"column":12},"end":{"line":89,"column":76}},"42":{"start":{"line":93,"column":24},"end":{"line":93,"column":58}},"43":{"start":{"line":94,"column":8},"end":{"line":109,"column":9}},"44":{"start":{"line":96,"column":12},"end":{"line":100,"column":13}},"45":{"start":{"line":97,"column":16},"end":{"line":97,"column":54}},"46":{"start":{"line":98,"column":19},"end":{"line":100,"column":13}},"47":{"start":{"line":99,"column":16},"end":{"line":99,"column":54}},"48":{"start":{"line":103,"column":12},"end":{"line":107,"column":13}},"49":{"start":{"line":104,"column":16},"end":{"line":104,"column":42}},"50":{"start":{"line":105,"column":19},"end":{"line":107,"column":13}},"51":{"start":{"line":106,"column":16},"end":{"line":106,"column":42}},"52":{"start":{"line":108,"column":12},"end":{"line":108,"column":33}},"53":{"start":{"line":111,"column":8},"end":{"line":119,"column":11}},"54":{"start":{"line":121,"column":8},"end":{"line":121,"column":49}},"55":{"start":{"line":123,"column":8},"end":{"line":123,"column":29}},"56":{"start":{"line":124,"column":8},"end":{"line":124,"column":79}},"57":{"start":{"line":128,"column":26},"end":{"line":154,"column":1}},"58":{"start":{"line":129,"column":4},"end":{"line":153,"column":5}},"59":{"start":{"line":130,"column":23},"end":{"line":130,"column":33}},"60":{"start":{"line":131,"column":28},"end":{"line":131,"column":58}},"61":{"start":{"line":133,"column":8},"end":{"line":135,"column":9}},"62":{"start":{"line":134,"column":12},"end":{"line":134,"column":76}},"63":{"start":{"line":138,"column":24},"end":{"line":138,"column":70}},"64":{"start":{"line":139,"column":8},"end":{"line":146,"column":9}},"65":{"start":{"line":140,"column":12},"end":{"line":144,"column":13}},"66":{"start":{"line":141,"column":16},"end":{"line":141,"column":54}},"67":{"start":{"line":142,"column":19},"end":{"line":144,"column":13}},"68":{"start":{"line":143,"column":16},"end":{"line":143,"column":54}},"69":{"start":{"line":145,"column":12},"end":{"line":145,"column":33}},"70":{"start":{"line":148,"column":8},"end":{"line":148,"column":36}},"71":{"start":{"line":149,"column":8},"end":{"line":149,"column":85}},"72":{"start":{"line":151,"column":8},"end":{"line":151,"column":29}},"73":{"start":{"line":152,"column":8},"end":{"line":152,"column":79}},"74":{"start":{"line":156,"column":30},"end":{"line":173,"column":1}},"75":{"start":{"line":157,"column":4},"end":{"line":172,"column":5}},"76":{"start":{"line":158,"column":32},"end":{"line":158,"column":42}},"77":{"start":{"line":159,"column":29},"end":{"line":166,"column":10}},"78":{"start":{"line":168,"column":8},"end":{"line":168,"column":50}},"79":{"start":{"line":170,"column":8},"end":{"line":170,"column":29}},"80":{"start":{"line":171,"column":8},"end":{"line":171,"column":89}},"81":{"start":{"line":175,"column":26},"end":{"line":234,"column":1}},"82":{"start":{"line":176,"column":4},"end":{"line":233,"column":5}},"83":{"start":{"line":177,"column":48},"end":{"line":177,"column":56}},"84":{"start":{"line":180,"column":8},"end":{"line":182,"column":9}},"85":{"start":{"line":181,"column":12},"end":{"line":181,"column":89}},"86":{"start":{"line":185,"column":22},"end":{"line":185,"column":41}},"87":{"start":{"line":186,"column":20},"end":{"line":186,"column":37}},"88":{"start":{"line":189,"column":8},"end":{"line":189,"column":38}},"89":{"start":{"line":192,"column":8},"end":{"line":194,"column":9}},"90":{"start":{"line":193,"column":12},"end":{"line":193,"column":90}},"91":{"start":{"line":196,"column":8},"end":{"line":198,"column":9}},"92":{"start":{"line":197,"column":12},"end":{"line":197,"column":87}},"93":{"start":{"line":201,"column":28},"end":{"line":205,"column":9}},"94":{"start":{"line":208,"column":8},"end":{"line":210,"column":9}},"95":{"start":{"line":209,"column":12},"end":{"line":209,"column":42}},"96":{"start":{"line":212,"column":29},"end":{"line":220,"column":10}},"97":{"start":{"line":222,"column":8},"end":{"line":229,"column":11}},"98":{"start":{"line":231,"column":8},"end":{"line":231,"column":29}},"99":{"start":{"line":232,"column":8},"end":{"line":232,"column":95}},"100":{"start":{"line":236,"column":26},"end":{"line":273,"column":1}},"101":{"start":{"line":237,"column":4},"end":{"line":272,"column":5}},"102":{"start":{"line":238,"column":34},"end":{"line":238,"column":42}},"103":{"start":{"line":240,"column":8},"end":{"line":242,"column":9}},"104":{"start":{"line":241,"column":12},"end":{"line":241,"column":105}},"105":{"start":{"line":244,"column":8},"end":{"line":246,"column":9}},"106":{"start":{"line":245,"column":12},"end":{"line":245,"column":102}},"107":{"start":{"line":248,"column":28},"end":{"line":248,"column":36}},"108":{"start":{"line":250,"column":8},"end":{"line":252,"column":9}},"109":{"start":{"line":251,"column":12},"end":{"line":251,"column":42}},"110":{"start":{"line":254,"column":29},"end":{"line":262,"column":10}},"111":{"start":{"line":264,"column":8},"end":{"line":268,"column":11}},"112":{"start":{"line":270,"column":8},"end":{"line":270,"column":29}},"113":{"start":{"line":271,"column":8},"end":{"line":271,"column":85}},"114":{"start":{"line":278,"column":0},"end":{"line":287,"column":2}}},"fnMap":{"0":{"name":"(anonymous_0)","decl":{"start":{"line":7,"column":23},"end":{"line":7,"column":24}},"loc":{"start":{"line":7,"column":43},"end":{"line":41,"column":1}},"line":7},"1":{"name":"(anonymous_1)","decl":{"start":{"line":43,"column":27},"end":{"line":43,"column":28}},"loc":{"start":{"line":43,"column":47},"end":{"line":58,"column":1}},"line":43},"2":{"name":"(anonymous_2)","decl":{"start":{"line":60,"column":27},"end":{"line":60,"column":28}},"loc":{"start":{"line":60,"column":47},"end":{"line":80,"column":1}},"line":60},"3":{"name":"(anonymous_3)","decl":{"start":{"line":82,"column":26},"end":{"line":82,"column":27}},"loc":{"start":{"line":82,"column":46},"end":{"line":126,"column":1}},"line":82},"4":{"name":"(anonymous_4)","decl":{"start":{"line":128,"column":26},"end":{"line":128,"column":27}},"loc":{"start":{"line":128,"column":46},"end":{"line":154,"column":1}},"line":128},"5":{"name":"(anonymous_5)","decl":{"start":{"line":156,"column":30},"end":{"line":156,"column":31}},"loc":{"start":{"line":156,"column":50},"end":{"line":173,"column":1}},"line":156},"6":{"name":"(anonymous_6)","decl":{"start":{"line":175,"column":26},"end":{"line":175,"column":27}},"loc":{"start":{"line":175,"column":46},"end":{"line":234,"column":1}},"line":175},"7":{"name":"(anonymous_7)","decl":{"start":{"line":236,"column":26},"end":{"line":236,"column":27}},"loc":{"start":{"line":236,"column":46},"end":{"line":273,"column":1}},"line":236}},"branchMap":{"0":{"loc":{"start":{"line":13,"column":8},"end":{"line":15,"column":9}},"type":"if","locations":[{"start":{"line":13,"column":8},"end":{"line":15,"column":9}},{"start":{},"end":{}}],"line":13},"1":{"loc":{"start":{"line":18,"column":8},"end":{"line":22,"column":9}},"type":"if","locations":[{"start":{"line":18,"column":8},"end":{"line":22,"column":9}},{"start":{"line":20,"column":15},"end":{"line":22,"column":9}}],"line":18},"2":{"loc":{"start":{"line":20,"column":15},"end":{"line":22,"column":9}},"type":"if","locations":[{"start":{"line":20,"column":15},"end":{"line":22,"column":9}},{"start":{},"end":{}}],"line":20},"3":{"loc":{"start":{"line":29,"column":18},"end":{"line":29,"column":36}},"type":"binary-expr","locations":[{"start":{"line":29,"column":18},"end":{"line":29,"column":22}},{"start":{"line":29,"column":26},"end":{"line":29,"column":36}}],"line":29},"4":{"loc":{"start":{"line":71,"column":8},"end":{"line":73,"column":9}},"type":"if","locations":[{"start":{"line":71,"column":8},"end":{"line":73,"column":9}},{"start":{},"end":{}}],"line":71},"5":{"loc":{"start":{"line":88,"column":8},"end":{"line":90,"column":9}},"type":"if","locations":[{"start":{"line":88,"column":8},"end":{"line":90,"column":9}},{"start":{},"end":{}}],"line":88},"6":{"loc":{"start":{"line":94,"column":8},"end":{"line":109,"column":9}},"type":"if","locations":[{"start":{"line":94,"column":8},"end":{"line":109,"column":9}},{"start":{},"end":{}}],"line":94},"7":{"loc":{"start":{"line":96,"column":12},"end":{"line":100,"column":13}},"type":"if","locations":[{"start":{"line":96,"column":12},"end":{"line":100,"column":13}},{"start":{"line":98,"column":19},"end":{"line":100,"column":13}}],"line":96},"8":{"loc":{"start":{"line":98,"column":19},"end":{"line":100,"column":13}},"type":"if","locations":[{"start":{"line":98,"column":19},"end":{"line":100,"column":13}},{"start":{},"end":{}}],"line":98},"9":{"loc":{"start":{"line":103,"column":12},"end":{"line":107,"column":13}},"type":"if","locations":[{"start":{"line":103,"column":12},"end":{"line":107,"column":13}},{"start":{"line":105,"column":19},"end":{"line":107,"column":13}}],"line":103},"10":{"loc":{"start":{"line":105,"column":19},"end":{"line":107,"column":13}},"type":"if","locations":[{"start":{"line":105,"column":19},"end":{"line":107,"column":13}},{"start":{},"end":{}}],"line":105},"11":{"loc":{"start":{"line":114,"column":18},"end":{"line":114,"column":42}},"type":"binary-expr","locations":[{"start":{"line":114,"column":18},"end":{"line":114,"column":22}},{"start":{"line":114,"column":26},"end":{"line":114,"column":42}}],"line":114},"12":{"loc":{"start":{"line":133,"column":8},"end":{"line":135,"column":9}},"type":"if","locations":[{"start":{"line":133,"column":8},"end":{"line":135,"column":9}},{"start":{},"end":{}}],"line":133},"13":{"loc":{"start":{"line":139,"column":8},"end":{"line":146,"column":9}},"type":"if","locations":[{"start":{"line":139,"column":8},"end":{"line":146,"column":9}},{"start":{},"end":{}}],"line":139},"14":{"loc":{"start":{"line":140,"column":12},"end":{"line":144,"column":13}},"type":"if","locations":[{"start":{"line":140,"column":12},"end":{"line":144,"column":13}},{"start":{"line":142,"column":19},"end":{"line":144,"column":13}}],"line":140},"15":{"loc":{"start":{"line":142,"column":19},"end":{"line":144,"column":13}},"type":"if","locations":[{"start":{"line":142,"column":19},"end":{"line":144,"column":13}},{"start":{},"end":{}}],"line":142},"16":{"loc":{"start":{"line":180,"column":8},"end":{"line":182,"column":9}},"type":"if","locations":[{"start":{"line":180,"column":8},"end":{"line":182,"column":9}},{"start":{},"end":{}}],"line":180},"17":{"loc":{"start":{"line":180,"column":12},"end":{"line":180,"column":34}},"type":"binary-expr","locations":[{"start":{"line":180,"column":12},"end":{"line":180,"column":22}},{"start":{"line":180,"column":26},"end":{"line":180,"column":34}}],"line":180},"18":{"loc":{"start":{"line":192,"column":8},"end":{"line":194,"column":9}},"type":"if","locations":[{"start":{"line":192,"column":8},"end":{"line":194,"column":9}},{"start":{},"end":{}}],"line":192},"19":{"loc":{"start":{"line":192,"column":12},"end":{"line":192,"column":58}},"type":"binary-expr","locations":[{"start":{"line":192,"column":12},"end":{"line":192,"column":34}},{"start":{"line":192,"column":38},"end":{"line":192,"column":58}}],"line":192},"20":{"loc":{"start":{"line":196,"column":8},"end":{"line":198,"column":9}},"type":"if","locations":[{"start":{"line":196,"column":8},"end":{"line":198,"column":9}},{"start":{},"end":{}}],"line":196},"21":{"loc":{"start":{"line":208,"column":8},"end":{"line":210,"column":9}},"type":"if","locations":[{"start":{"line":208,"column":8},"end":{"line":210,"column":9}},{"start":{},"end":{}}],"line":208},"22":{"loc":{"start":{"line":240,"column":8},"end":{"line":242,"column":9}},"type":"if","locations":[{"start":{"line":240,"column":8},"end":{"line":242,"column":9}},{"start":{},"end":{}}],"line":240},"23":{"loc":{"start":{"line":244,"column":8},"end":{"line":246,"column":9}},"type":"if","locations":[{"start":{"line":244,"column":8},"end":{"line":246,"column":9}},{"start":{},"end":{}}],"line":244},"24":{"loc":{"start":{"line":250,"column":8},"end":{"line":252,"column":9}},"type":"if","locations":[{"start":{"line":250,"column":8},"end":{"line":252,"column":9}},{"start":{},"end":{}}],"line":250}},"s":{"0":1,"1":1,"2":1,"3":1,"4":1,"5":1,"6":3,"7":3,"8":3,"9":3,"10":1,"11":2,"12":1,"13":1,"14":1,"15":2,"16":2,"17":2,"18":0,"19":0,"20":1,"21":2,"22":2,"23":1,"24":1,"25":1,"26":1,"27":2,"28":2,"29":2,"30":2,"31":1,"32":1,"33":0,"34":0,"35":1,"36":2,"37":2,"38":2,"39":2,"40":2,"41":1,"42":1,"43":1,"44":1,"45":0,"46":1,"47":1,"48":1,"49":0,"50":1,"51":1,"52":1,"53":1,"54":1,"55":0,"56":0,"57":1,"58":2,"59":2,"60":2,"61":2,"62":1,"63":1,"64":1,"65":1,"66":1,"67":0,"68":0,"69":1,"70":1,"71":1,"72":0,"73":0,"74":1,"75":0,"76":0,"77":0,"78":0,"79":0,"80":0,"81":1,"82":0,"83":0,"84":0,"85":0,"86":0,"87":0,"88":0,"89":0,"90":0,"91":0,"92":0,"93":0,"94":0,"95":0,"96":0,"97":0,"98":0,"99":0,"100":1,"101":0,"102":0,"103":0,"104":0,"105":0,"106":0,"107":0,"108":0,"109":0,"110":0,"111":0,"112":0,"113":0,"114":1},"f":{"0":3,"1":2,"2":2,"3":2,"4":2,"5":0,"6":0,"7":0},"b":{"0":[1,2],"1":[1,1],"2":[1,0],"3":[2,2],"4":[1,1],"5":[1,1],"6":[1,0],"7":[0,1],"8":[1,0],"9":[0,1],"10":[1,0],"11":[1,1],"12":[1,1],"13":[1,0],"14":[1,0],"15":[0,0],"16":[0,0],"17":[0,0],"18":[0,0],"19":[0,0],"20":[0,0],"21":[0,0],"22":[0,0],"23":[0,0],"24":[0,0]},"_coverageSchema":"1a1c01bbd47fc00a2c39e90264f33305004495a9","hash":"3cbfafcc25114a7d81dd7d69e4f77781882d07a1"}
,"C:\\Users\\Anderson Reis\\Desktop\\ApiFInancas\\src\\controllers\\userController.js": {"path":"C:\\Users\\Anderson Reis\\Desktop\\ApiFInancas\\src\\controllers\\userController.js","statementMap":{"0":{"start":{"line":1,"column":13},"end":{"line":1,"column":38}},"1":{"start":{"line":2,"column":16},"end":{"line":2,"column":44}},"2":{"start":{"line":4,"column":19},"end":{"line":25,"column":1}},"3":{"start":{"line":5,"column":4},"end":{"line":24,"column":5}},"4":{"start":{"line":6,"column":62},"end":{"line":6,"column":70}},"5":{"start":{"line":8,"column":21},"end":{"line":8,"column":65}},"6":{"start":{"line":11,"column":24},"end":{"line":14,"column":10}},"7":{"start":{"line":16,"column":8},"end":{"line":19,"column":11}},"8":{"start":{"line":22,"column":8},"end":{"line":22,"column":29}},"9":{"start":{"line":23,"column":8},"end":{"line":23,"column":72}},"10":{"start":{"line":27,"column":20},"end":{"line":35,"column":1}},"11":{"start":{"line":28,"column":4},"end":{"line":34,"column":5}},"12":{"start":{"line":29,"column":22},"end":{"line":29,"column":42}},"13":{"start":{"line":30,"column":8},"end":{"line":30,"column":43}},"14":{"start":{"line":32,"column":8},"end":{"line":32,"column":29}},"15":{"start":{"line":33,"column":8},"end":{"line":33,"column":75}},"16":{"start":{"line":37,"column":0},"end":{"line":40,"column":2}}},"fnMap":{"0":{"name":"(anonymous_0)","decl":{"start":{"line":4,"column":19},"end":{"line":4,"column":20}},"loc":{"start":{"line":4,"column":39},"end":{"line":25,"column":1}},"line":4},"1":{"name":"(anonymous_1)","decl":{"start":{"line":27,"column":20},"end":{"line":27,"column":21}},"loc":{"start":{"line":27,"column":40},"end":{"line":35,"column":1}},"line":27}},"branchMap":{"0":{"loc":{"start":{"line":6,"column":39},"end":{"line":6,"column":57}},"type":"default-arg","locations":[{"start":{"line":6,"column":56},"end":{"line":6,"column":57}}],"line":6}},"s":{"0":2,"1":2,"2":2,"3":2,"4":2,"5":2,"6":1,"7":1,"8":1,"9":1,"10":2,"11":3,"12":3,"13":2,"14":1,"15":1,"16":2},"f":{"0":2,"1":3},"b":{"0":[2]},"_coverageSchema":"1a1c01bbd47fc00a2c39e90264f33305004495a9","hash":"077883861bbdbd57e516ea7e129288a62c421a95"}
,"C:\\Users\\Anderson Reis\\Desktop\\ApiFInancas\\src\\middlewares\\authMiddleware.js": {"path":"C:\\Users\\Anderson Reis\\Desktop\\ApiFInancas\\src\\middlewares\\authMiddleware.js","statementMap":{"0":{"start":{"line":1,"column":12},"end":{"line":1,"column":35}},"1":{"start":{"line":3,"column":23},"end":{"line":26,"column":1}},"2":{"start":{"line":4,"column":4},"end":{"line":25,"column":5}},"3":{"start":{"line":5,"column":27},"end":{"line":5,"column":52}},"4":{"start":{"line":7,"column":8},"end":{"line":9,"column":9}},"5":{"start":{"line":8,"column":12},"end":{"line":8,"column":72}},"6":{"start":{"line":11,"column":22},"end":{"line":11,"column":43}},"7":{"start":{"line":12,"column":8},"end":{"line":14,"column":9}},"8":{"start":{"line":13,"column":12},"end":{"line":13,"column":75}},"9":{"start":{"line":16,"column":22},"end":{"line":16,"column":30}},"10":{"start":{"line":17,"column":26},"end":{"line":17,"column":69}},"11":{"start":{"line":19,"column":24},"end":{"line":19,"column":52}},"12":{"start":{"line":20,"column":8},"end":{"line":20,"column":34}},"13":{"start":{"line":21,"column":8},"end":{"line":21,"column":15}},"14":{"start":{"line":23,"column":8},"end":{"line":23,"column":52}},"15":{"start":{"line":24,"column":8},"end":{"line":24,"column":75}},"16":{"start":{"line":28,"column":0},"end":{"line":28,"column":32}}},"fnMap":{"0":{"name":"(anonymous_0)","decl":{"start":{"line":3,"column":23},"end":{"line":3,"column":24}},"loc":{"start":{"line":3,"column":43},"end":{"line":26,"column":1}},"line":3}},"branchMap":{"0":{"loc":{"start":{"line":7,"column":8},"end":{"line":9,"column":9}},"type":"if","locations":[{"start":{"line":7,"column":8},"end":{"line":9,"column":9}},{"start":{},"end":{}}],"line":7},"1":{"loc":{"start":{"line":12,"column":8},"end":{"line":14,"column":9}},"type":"if","locations":[{"start":{"line":12,"column":8},"end":{"line":14,"column":9}},{"start":{},"end":{}}],"line":12},"2":{"loc":{"start":{"line":12,"column":12},"end":{"line":12,"column":55}},"type":"binary-expr","locations":[{"start":{"line":12,"column":12},"end":{"line":12,"column":30}},{"start":{"line":12,"column":34},"end":{"line":12,"column":55}}],"line":12},"3":{"loc":{"start":{"line":17,"column":26},"end":{"line":17,"column":69}},"type":"binary-expr","locations":[{"start":{"line":17,"column":26},"end":{"line":17,"column":48}},{"start":{"line":17,"column":52},"end":{"line":17,"column":69}}],"line":17}},"s":{"0":5,"1":5,"2":50,"3":50,"4":50,"5":6,"6":44,"7":44,"8":2,"9":42,"10":42,"11":42,"12":38,"13":38,"14":4,"15":4,"16":5},"f":{"0":50},"b":{"0":[6,44],"1":[2,42],"2":[44,43],"3":[42,0]},"_coverageSchema":"1a1c01bbd47fc00a2c39e90264f33305004495a9","hash":"341a7d58d90f7f3a808bf806d542347f113bc1c3"}
,"C:\\Users\\Anderson Reis\\Desktop\\ApiFInancas\\src\\models\\Account.js": {"path":"C:\\Users\\Anderson Reis\\Desktop\\ApiFInancas\\src\\models\\Account.js","statementMap":{"0":{"start":{"line":1,"column":22},"end":{"line":1,"column":42}},"1":{"start":{"line":2,"column":18},"end":{"line":2,"column":48}},"2":{"start":{"line":3,"column":13},"end":{"line":3,"column":30}},"3":{"start":{"line":5,"column":16},"end":{"line":27,"column":2}},"4":{"start":{"line":29,"column":0},"end":{"line":29,"column":72}},"5":{"start":{"line":30,"column":0},"end":{"line":30,"column":70}},"6":{"start":{"line":32,"column":0},"end":{"line":32,"column":25}}},"fnMap":{},"branchMap":{},"s":{"0":5,"1":5,"2":5,"3":5,"4":5,"5":5,"6":5},"f":{},"b":{},"_coverageSchema":"1a1c01bbd47fc00a2c39e90264f33305004495a9","hash":"8bf50eb00480bcbb4f63c151555dc94c699a4f7f"}
,"C:\\Users\\Anderson Reis\\Desktop\\ApiFInancas\\src\\models\\Category.js": {"path":"C:\\Users\\Anderson Reis\\Desktop\\ApiFInancas\\src\\models\\Category.js","statementMap":{"0":{"start":{"line":1,"column":22},"end":{"line":1,"column":42}},"1":{"start":{"line":2,"column":18},"end":{"line":2,"column":48}},"2":{"start":{"line":4,"column":17},"end":{"line":18,"column":2}},"3":{"start":{"line":20,"column":0},"end":{"line":20,"column":26}}},"fnMap":{},"branchMap":{},"s":{"0":2,"1":2,"2":2,"3":2},"f":{},"b":{},"_coverageSchema":"1a1c01bbd47fc00a2c39e90264f33305004495a9","hash":"5171123f4238861ca49e860875eff48b80c8460d"}
,"C:\\Users\\Anderson Reis\\Desktop\\ApiFInancas\\src\\models\\Transaction.js": {"path":"C:\\Users\\Anderson Reis\\Desktop\\ApiFInancas\\src\\models\\Transaction.js","statementMap":{"0":{"start":{"line":1,"column":22},"end":{"line":1,"column":42}},"1":{"start":{"line":2,"column":18},"end":{"line":2,"column":48}},"2":{"start":{"line":3,"column":13},"end":{"line":3,"column":30}},"3":{"start":{"line":4,"column":16},"end":{"line":4,"column":36}},"4":{"start":{"line":5,"column":17},"end":{"line":5,"column":38}},"5":{"start":{"line":7,"column":20},"end":{"line":60,"column":2}},"6":{"start":{"line":62,"column":0},"end":{"line":62,"column":76}},"7":{"start":{"line":63,"column":0},"end":{"line":63,"column":82}},"8":{"start":{"line":64,"column":0},"end":{"line":64,"column":84}},"9":{"start":{"line":66,"column":0},"end":{"line":66,"column":74}},"10":{"start":{"line":67,"column":0},"end":{"line":67,"column":80}},"11":{"start":{"line":68,"column":0},"end":{"line":68,"column":82}},"12":{"start":{"line":70,"column":0},"end":{"line":70,"column":29}}},"fnMap":{},"branchMap":{},"s":{"0":2,"1":2,"2":2,"3":2,"4":2,"5":2,"6":2,"7":2,"8":2,"9":2,"10":2,"11":2,"12":2},"f":{},"b":{},"_coverageSchema":"1a1c01bbd47fc00a2c39e90264f33305004495a9","hash":"83986f781ac99e2390af62e5300b1a1587e6e116"}
,"C:\\Users\\Anderson Reis\\Desktop\\ApiFInancas\\src\\models\\User.js": {"path":"C:\\Users\\Anderson Reis\\Desktop\\ApiFInancas\\src\\models\\User.js","statementMap":{"0":{"start":{"line":1,"column":22},"end":{"line":1,"column":42}},"1":{"start":{"line":2,"column":18},"end":{"line":2,"column":48}},"2":{"start":{"line":3,"column":15},"end":{"line":3,"column":32}},"3":{"start":{"line":5,"column":13},"end":{"line":34,"column":2}},"4":{"start":{"line":29,"column":12},"end":{"line":31,"column":13}},"5":{"start":{"line":30,"column":16},"end":{"line":30,"column":69}},"6":{"start":{"line":36,"column":0},"end":{"line":36,"column":22}}},"fnMap":{"0":{"name":"(anonymous_0)","decl":{"start":{"line":28,"column":22},"end":{"line":28,"column":23}},"loc":{"start":{"line":28,"column":38},"end":{"line":32,"column":9}},"line":28}},"branchMap":{"0":{"loc":{"start":{"line":29,"column":12},"end":{"line":31,"column":13}},"type":"if","locations":[{"start":{"line":29,"column":12},"end":{"line":31,"column":13}},{"start":{},"end":{}}],"line":29}},"s":{"0":5,"1":5,"2":5,"3":5,"4":0,"5":0,"6":5},"f":{"0":0},"b":{"0":[0,0]},"_coverageSchema":"1a1c01bbd47fc00a2c39e90264f33305004495a9","hash":"9bb48fe1018ff4408fc1e66b2e7d50ab7c1f1728"}
}
