TN:
SF:src\controllers\accountController.js
FN:4,(anonymous_0)
FN:21,(anonymous_1)
FN:39,(anonymous_2)
FNF:3
FNH:3
FNDA:3,(anonymous_0)
FNDA:3,(anonymous_1)
FNDA:3,(anonymous_2)
DA:1,1
DA:2,1
DA:4,1
DA:5,3
DA:6,3
DA:8,3
DA:9,3
DA:10,1
DA:13,2
DA:14,1
DA:16,1
DA:17,1
DA:21,1
DA:22,3
DA:23,3
DA:24,3
DA:28,2
DA:29,1
DA:32,1
DA:34,1
DA:35,1
DA:39,1
DA:40,3
DA:41,3
DA:42,3
DA:46,2
DA:47,1
DA:50,1
DA:52,1
DA:53,1
DA:57,1
LF:31
LH:31
BRDA:9,0,0,1
BRDA:9,0,1,2
BRDA:28,1,0,1
BRDA:28,1,1,1
BRDA:46,2,0,1
BRDA:46,2,1,1
BRF:6
BRH:6
end_of_record
TN:
SF:src\controllers\authController.js
FN:8,(anonymous_0)
FNF:1
FNH:1
FNDA:4,(anonymous_0)
DA:1,1
DA:2,1
DA:3,1
DA:5,1
DA:6,1
DA:8,1
DA:9,4
DA:10,4
DA:12,4
DA:13,1
DA:16,3
DA:18,3
DA:19,1
DA:22,2
DA:24,2
DA:25,1
DA:28,1
DA:29,1
DA:31,0
DA:32,0
DA:36,1
LF:21
LH:19
BRDA:5,0,0,1
BRDA:5,0,1,0
BRDA:6,1,0,1
BRDA:6,1,1,0
BRDA:12,2,0,1
BRDA:12,2,1,3
BRDA:12,3,0,4
BRDA:12,3,1,4
BRDA:18,4,0,1
BRDA:18,4,1,2
BRDA:24,5,0,1
BRDA:24,5,1,1
BRF:12
BRH:10
end_of_record
TN:
SF:src\controllers\categoryController.js
FN:5,(anonymous_0)
FN:17,(anonymous_1)
FN:27,(anonymous_2)
FN:45,(anonymous_3)
FN:109,(anonymous_4)
FNF:5
FNH:5
FNDA:2,(anonymous_0)
FNDA:3,(anonymous_1)
FNDA:3,(anonymous_2)
FNDA:6,(anonymous_3)
FNDA:2,(anonymous_4)
DA:1,1
DA:2,1
DA:3,1
DA:5,1
DA:6,2
DA:7,2
DA:9,2
DA:10,1
DA:12,1
DA:13,1
DA:17,1
DA:18,3
DA:19,3
DA:20,2
DA:22,1
DA:23,1
DA:27,1
DA:28,3
DA:29,3
DA:30,3
DA:32,2
DA:33,1
DA:36,1
DA:38,1
DA:39,1
DA:45,1
DA:46,6
DA:47,6
DA:50,6
DA:53,6
DA:54,2
DA:55,1
DA:57,1
DA:60,4
DA:64,5
DA:65,3
DA:69,5
DA:70,3
DA:71,3
DA:72,3
DA:74,3
DA:75,1
DA:78,2
DA:79,1
DA:82,1
DA:88,3
DA:109,2
DA:116,2
DA:130,1
DA:131,1
DA:137,1
LF:51
LH:51
BRDA:32,0,0,1
BRDA:32,0,1,1
BRDA:53,1,0,2
BRDA:53,1,1,4
BRDA:54,2,0,1
BRDA:54,2,1,1
BRDA:64,3,0,3
BRDA:64,3,1,2
BRDA:69,4,0,3
BRDA:69,4,1,2
BRDA:69,5,0,5
BRDA:69,5,1,3
BRDA:74,6,0,1
BRDA:74,6,1,2
BRDA:74,7,0,3
BRDA:74,7,1,2
BRDA:78,8,0,1
BRDA:78,8,1,1
BRDA:118,9,0,2
BRDA:118,9,1,1
BRDA:119,10,0,2
BRDA:119,10,1,0
BRDA:120,11,0,1
BRDA:120,11,1,1
BRDA:120,12,0,2
BRDA:120,12,1,1
BRF:26
BRH:25
end_of_record
TN:
SF:src\controllers\transactionController.js
FN:7,(anonymous_0)
FN:43,(anonymous_1)
FN:60,(anonymous_2)
FN:82,(anonymous_3)
FN:128,(anonymous_4)
FN:156,(anonymous_5)
FN:175,(anonymous_6)
FN:236,(anonymous_7)
FNF:8
FNH:5
FNDA:3,(anonymous_0)
FNDA:2,(anonymous_1)
FNDA:2,(anonymous_2)
FNDA:2,(anonymous_3)
FNDA:2,(anonymous_4)
FNDA:0,(anonymous_5)
FNDA:0,(anonymous_6)
FNDA:0,(anonymous_7)
DA:1,1
DA:2,1
DA:3,1
DA:4,1
DA:5,1
DA:7,1
DA:8,3
DA:9,3
DA:12,3
DA:13,3
DA:14,1
DA:18,2
DA:19,1
DA:20,1
DA:21,1
DA:23,2
DA:26,2
DA:36,2
DA:38,0
DA:39,0
DA:43,1
DA:44,2
DA:45,2
DA:53,1
DA:55,1
DA:56,1
DA:60,1
DA:61,2
DA:62,2
DA:63,2
DA:71,2
DA:72,1
DA:75,1
DA:77,0
DA:78,0
DA:82,1
DA:83,2
DA:84,2
DA:85,2
DA:87,2
DA:88,2
DA:89,1
DA:93,1
DA:94,1
DA:96,1
DA:97,0
DA:98,1
DA:99,1
DA:103,1
DA:104,0
DA:105,1
DA:106,1
DA:108,1
DA:111,1
DA:121,1
DA:123,0
DA:124,0
DA:128,1
DA:129,2
DA:130,2
DA:131,2
DA:133,2
DA:134,1
DA:138,1
DA:139,1
DA:140,1
DA:141,1
DA:142,0
DA:143,0
DA:145,1
DA:148,1
DA:149,1
DA:151,0
DA:152,0
DA:156,1
DA:157,0
DA:158,0
DA:159,0
DA:168,0
DA:170,0
DA:171,0
DA:175,1
DA:176,0
DA:177,0
DA:180,0
DA:181,0
DA:185,0
DA:186,0
DA:189,0
DA:192,0
DA:193,0
DA:196,0
DA:197,0
DA:201,0
DA:208,0
DA:209,0
DA:212,0
DA:222,0
DA:231,0
DA:232,0
DA:236,1
DA:237,0
DA:238,0
DA:240,0
DA:241,0
DA:244,0
DA:245,0
DA:248,0
DA:250,0
DA:251,0
DA:254,0
DA:264,0
DA:270,0
DA:271,0
DA:278,1
LF:115
LH:66
BRDA:13,0,0,1
BRDA:13,0,1,2
BRDA:18,1,0,1
BRDA:18,1,1,1
BRDA:20,2,0,1
BRDA:20,2,1,0
BRDA:29,3,0,2
BRDA:29,3,1,2
BRDA:71,4,0,1
BRDA:71,4,1,1
BRDA:88,5,0,1
BRDA:88,5,1,1
BRDA:94,6,0,1
BRDA:94,6,1,0
BRDA:96,7,0,0
BRDA:96,7,1,1
BRDA:98,8,0,1
BRDA:98,8,1,0
BRDA:103,9,0,0
BRDA:103,9,1,1
BRDA:105,10,0,1
BRDA:105,10,1,0
BRDA:114,11,0,1
BRDA:114,11,1,1
BRDA:133,12,0,1
BRDA:133,12,1,1
BRDA:139,13,0,1
BRDA:139,13,1,0
BRDA:140,14,0,1
BRDA:140,14,1,0
BRDA:142,15,0,0
BRDA:142,15,1,0
BRDA:180,16,0,0
BRDA:180,16,1,0
BRDA:180,17,0,0
BRDA:180,17,1,0
BRDA:192,18,0,0
BRDA:192,18,1,0
BRDA:192,19,0,0
BRDA:192,19,1,0
BRDA:196,20,0,0
BRDA:196,20,1,0
BRDA:208,21,0,0
BRDA:208,21,1,0
BRDA:240,22,0,0
BRDA:240,22,1,0
BRDA:244,23,0,0
BRDA:244,23,1,0
BRDA:250,24,0,0
BRDA:250,24,1,0
BRF:50
BRH:22
end_of_record
TN:
SF:src\controllers\userController.js
FN:4,(anonymous_0)
FN:27,(anonymous_1)
FNF:2
FNH:2
FNDA:2,(anonymous_0)
FNDA:3,(anonymous_1)
DA:1,2
DA:2,2
DA:4,2
DA:5,2
DA:6,2
DA:8,2
DA:11,1
DA:16,1
DA:22,1
DA:23,1
DA:27,2
DA:28,3
DA:29,3
DA:30,2
DA:32,1
DA:33,1
DA:37,2
LF:17
LH:17
BRDA:6,0,0,2
BRF:1
BRH:1
end_of_record
TN:
SF:src\middlewares\authMiddleware.js
FN:3,(anonymous_0)
FNF:1
FNH:1
FNDA:50,(anonymous_0)
DA:1,5
DA:3,5
DA:4,50
DA:5,50
DA:7,50
DA:8,6
DA:11,44
DA:12,44
DA:13,2
DA:16,42
DA:17,42
DA:19,42
DA:20,38
DA:21,38
DA:23,4
DA:24,4
DA:28,5
LF:17
LH:17
BRDA:7,0,0,6
BRDA:7,0,1,44
BRDA:12,1,0,2
BRDA:12,1,1,42
BRDA:12,2,0,44
BRDA:12,2,1,43
BRDA:17,3,0,42
BRDA:17,3,1,0
BRF:8
BRH:7
end_of_record
TN:
SF:src\models\Account.js
FNF:0
FNH:0
DA:1,5
DA:2,5
DA:3,5
DA:5,5
DA:29,5
DA:30,5
DA:32,5
LF:7
LH:7
BRF:0
BRH:0
end_of_record
TN:
SF:src\models\Category.js
FNF:0
FNH:0
DA:1,2
DA:2,2
DA:4,2
DA:20,2
LF:4
LH:4
BRF:0
BRH:0
end_of_record
TN:
SF:src\models\Transaction.js
FNF:0
FNH:0
DA:1,2
DA:2,2
DA:3,2
DA:4,2
DA:5,2
DA:7,2
DA:62,2
DA:63,2
DA:64,2
DA:66,2
DA:67,2
DA:68,2
DA:70,2
LF:13
LH:13
BRF:0
BRH:0
end_of_record
TN:
SF:src\models\User.js
FN:28,(anonymous_0)
FNF:1
FNH:0
FNDA:0,(anonymous_0)
DA:1,5
DA:2,5
DA:3,5
DA:5,5
DA:29,0
DA:30,0
DA:36,5
LF:7
LH:5
BRDA:29,0,0,0
BRDA:29,0,1,0
BRF:2
BRH:0
end_of_record
